[15:07:09] [ServerMain/INFO]: Environment: authHost='https://authserver.mojang.com', accountsHost='https://api.mojang.com', sessionHost='https://sessionserver.mojang.com', servicesHost='https://api.minecraftservices.com', name='PROD'
[15:07:12] [ServerMain/INFO]: Loaded 7 recipes
[15:07:13] [Server thread/INFO]: Starting minecraft server version 1.20.1
[15:07:13] [Server thread/INFO]: Loading properties
[15:07:13] [Server thread/INFO]: This server is running Paper version git-Paper-196 (MC: 1.20.1) (Implementing API version 1.20.1-R0.1-SNAPSHOT) (Git: 773dd72)
[15:07:14] [Server thread/INFO]: Using 4 threads for Netty based IO
[15:07:14] [Server thread/INFO]: Server Ping Player Sample Count: 12
[15:07:15] [Server thread/WARN]: [!] The timings profiler has been enabled but has been scheduled for removal from Paper in the future.
    We recommend installing the spark profiler as a replacement: https://spark.lucko.me/
    For more information please visit: https://github.com/PaperMC/Paper/issues/8948
[15:07:15] [Server thread/INFO]: [ChunkTaskScheduler] Chunk system is using 1 I/O threads, 1 worker threads, and gen parallelism of 1 threads
[15:07:15] [Server thread/INFO]: Default game type: SURVIVAL
[15:07:15] [Server thread/INFO]: Generating keypair
[15:07:15] [Server thread/INFO]: Starting Minecraft server on *:25565
[15:07:15] [Server thread/INFO]: Using epoll channel type
[15:07:15] [Server thread/INFO]: Paper: Using libdeflate (Linux x86_64) compression from Velocity.
[15:07:15] [Server thread/INFO]: Paper: Using OpenSSL 1.1.x (Linux x86_64) cipher from Velocity.
[15:07:16] [Server thread/INFO]: Server permissions file permissions.yml is empty, ignoring it
[15:07:16] [Server thread/INFO]: Preparing level "world"
[15:07:17] [Server thread/INFO]: Preparing start region for dimension minecraft:overworld
[15:07:17] [Server thread/INFO]: Time elapsed: 842 ms
[15:07:17] [Server thread/INFO]: Preparing start region for dimension minecraft:the_nether
[15:07:18] [Server thread/INFO]: Time elapsed: 96 ms
[15:07:18] [Server thread/INFO]: Preparing start region for dimension minecraft:the_end
[15:07:18] [Server thread/INFO]: Time elapsed: 38 ms
[15:07:18] [Server thread/INFO]: Running delayed init tasks
[15:07:18] [Server thread/INFO]: Done (4.738s)! For help, type "help"
[15:07:18] [Server thread/INFO]: Timings Reset
[15:07:59] [User Authenticator #0/INFO]: UUID of player NobinGZ is f886d27b-8c75-4602-862a-353cebf0e80f
[15:07:59] [Server thread/INFO]: NobinGZ joined the game
[15:08:00] [Server thread/INFO]: NobinGZ[/127.127.128.201:39679] logged in with entity id 201 at ([world]-3.5, 72.0, -9.5)
[15:08:09] [Server thread/INFO]: NobinGZ issued server command: /tps
[15:08:21] [Server thread/INFO]: Made NobinGZ a server operator
[15:08:25] [Server thread/INFO]: NobinGZ issued server command: /tps
[15:08:29] [Server thread/INFO]: NobinGZ issued server command: /plugins
